[2024-05-07T03:46:21.161+0000] {processor.py:157} INFO - Started process (PID=43) to work on /opt/airflow/dags/main.py
[2024-05-07T03:46:21.185+0000] {processor.py:829} INFO - Processing file /opt/airflow/dags/main.py for tasks to queue
[2024-05-07T03:46:21.233+0000] {logging_mixin.py:151} INFO - [2024-05-07T03:46:21.225+0000] {dagbag.py:539} INFO - Filling up the DagBag from /opt/airflow/dags/main.py
[2024-05-07T03:46:33.580+0000] {processor.py:839} INFO - DAG(s) dict_keys(['main']) retrieved from /opt/airflow/dags/main.py
[2024-05-07T03:46:34.554+0000] {logging_mixin.py:151} INFO - [2024-05-07T03:46:34.552+0000] {dag.py:2907} INFO - Sync 1 DAGs
[2024-05-07T03:46:34.602+0000] {logging_mixin.py:151} INFO - [2024-05-07T03:46:34.602+0000] {dag.py:3677} INFO - Setting next_dagrun for main to None, run_after=None
[2024-05-07T03:46:34.695+0000] {processor.py:179} INFO - Processing /opt/airflow/dags/main.py took 13.579 seconds
[2024-05-07T03:47:05.029+0000] {processor.py:157} INFO - Started process (PID=57) to work on /opt/airflow/dags/main.py
[2024-05-07T03:47:05.035+0000] {processor.py:829} INFO - Processing file /opt/airflow/dags/main.py for tasks to queue
[2024-05-07T03:47:05.041+0000] {logging_mixin.py:151} INFO - [2024-05-07T03:47:05.040+0000] {dagbag.py:539} INFO - Filling up the DagBag from /opt/airflow/dags/main.py
[2024-05-07T03:47:08.439+0000] {processor.py:839} INFO - DAG(s) dict_keys(['main']) retrieved from /opt/airflow/dags/main.py
[2024-05-07T03:47:08.498+0000] {logging_mixin.py:151} INFO - [2024-05-07T03:47:08.497+0000] {dag.py:2907} INFO - Sync 1 DAGs
[2024-05-07T03:47:08.551+0000] {logging_mixin.py:151} INFO - [2024-05-07T03:47:08.550+0000] {dag.py:3677} INFO - Setting next_dagrun for main to None, run_after=None
[2024-05-07T03:47:08.613+0000] {processor.py:179} INFO - Processing /opt/airflow/dags/main.py took 3.592 seconds
[2024-05-07T03:47:38.889+0000] {processor.py:157} INFO - Started process (PID=71) to work on /opt/airflow/dags/main.py
[2024-05-07T03:47:38.891+0000] {processor.py:829} INFO - Processing file /opt/airflow/dags/main.py for tasks to queue
[2024-05-07T03:47:38.895+0000] {logging_mixin.py:151} INFO - [2024-05-07T03:47:38.894+0000] {dagbag.py:539} INFO - Filling up the DagBag from /opt/airflow/dags/main.py
[2024-05-07T03:47:41.068+0000] {processor.py:839} INFO - DAG(s) dict_keys(['main']) retrieved from /opt/airflow/dags/main.py
[2024-05-07T03:47:41.120+0000] {logging_mixin.py:151} INFO - [2024-05-07T03:47:41.119+0000] {dag.py:2907} INFO - Sync 1 DAGs
[2024-05-07T03:47:41.166+0000] {logging_mixin.py:151} INFO - [2024-05-07T03:47:41.165+0000] {dag.py:3677} INFO - Setting next_dagrun for main to None, run_after=None
[2024-05-07T03:47:41.203+0000] {processor.py:179} INFO - Processing /opt/airflow/dags/main.py took 2.320 seconds
[2024-05-07T03:53:09.997+0000] {processor.py:157} INFO - Started process (PID=66) to work on /opt/airflow/dags/main.py
[2024-05-07T03:53:10.000+0000] {processor.py:829} INFO - Processing file /opt/airflow/dags/main.py for tasks to queue
[2024-05-07T03:53:10.005+0000] {logging_mixin.py:151} INFO - [2024-05-07T03:53:10.004+0000] {dagbag.py:539} INFO - Filling up the DagBag from /opt/airflow/dags/main.py
[2024-05-07T03:53:15.482+0000] {processor.py:839} INFO - DAG(s) dict_keys(['main']) retrieved from /opt/airflow/dags/main.py
[2024-05-07T03:53:15.885+0000] {logging_mixin.py:151} INFO - [2024-05-07T03:53:15.884+0000] {dag.py:2907} INFO - Sync 1 DAGs
[2024-05-07T03:53:15.919+0000] {logging_mixin.py:151} INFO - [2024-05-07T03:53:15.919+0000] {dag.py:3677} INFO - Setting next_dagrun for main to None, run_after=None
[2024-05-07T03:53:15.974+0000] {processor.py:179} INFO - Processing /opt/airflow/dags/main.py took 5.984 seconds
[2024-05-07T04:07:21.365+0000] {processor.py:157} INFO - Started process (PID=42) to work on /opt/airflow/dags/main.py
[2024-05-07T04:07:21.373+0000] {processor.py:829} INFO - Processing file /opt/airflow/dags/main.py for tasks to queue
[2024-05-07T04:07:21.387+0000] {logging_mixin.py:151} INFO - [2024-05-07T04:07:21.387+0000] {dagbag.py:539} INFO - Filling up the DagBag from /opt/airflow/dags/main.py
[2024-05-07T04:17:22.303+0000] {processor.py:157} INFO - Started process (PID=44) to work on /opt/airflow/dags/main.py
[2024-05-07T04:17:22.305+0000] {processor.py:829} INFO - Processing file /opt/airflow/dags/main.py for tasks to queue
[2024-05-07T04:17:22.312+0000] {logging_mixin.py:151} INFO - [2024-05-07T04:17:22.310+0000] {dagbag.py:539} INFO - Filling up the DagBag from /opt/airflow/dags/main.py
[2024-05-07T04:17:27.859+0000] {processor.py:839} INFO - DAG(s) dict_keys(['main']) retrieved from /opt/airflow/dags/main.py
[2024-05-07T04:17:28.563+0000] {logging_mixin.py:151} INFO - [2024-05-07T04:17:28.561+0000] {dag.py:2907} INFO - Sync 1 DAGs
[2024-05-07T04:17:28.618+0000] {logging_mixin.py:151} INFO - [2024-05-07T04:17:28.617+0000] {dag.py:3677} INFO - Setting next_dagrun for main to None, run_after=None
[2024-05-07T04:17:28.682+0000] {processor.py:179} INFO - Processing /opt/airflow/dags/main.py took 6.390 seconds
[2024-05-07T04:17:59.339+0000] {processor.py:157} INFO - Started process (PID=57) to work on /opt/airflow/dags/main.py
[2024-05-07T04:17:59.342+0000] {processor.py:829} INFO - Processing file /opt/airflow/dags/main.py for tasks to queue
[2024-05-07T04:17:59.348+0000] {logging_mixin.py:151} INFO - [2024-05-07T04:17:59.347+0000] {dagbag.py:539} INFO - Filling up the DagBag from /opt/airflow/dags/main.py
[2024-05-07T04:18:04.423+0000] {processor.py:839} INFO - DAG(s) dict_keys(['main']) retrieved from /opt/airflow/dags/main.py
[2024-05-07T04:18:04.484+0000] {logging_mixin.py:151} INFO - [2024-05-07T04:18:04.483+0000] {dag.py:2907} INFO - Sync 1 DAGs
[2024-05-07T04:18:04.566+0000] {logging_mixin.py:151} INFO - [2024-05-07T04:18:04.565+0000] {dag.py:3677} INFO - Setting next_dagrun for main to None, run_after=None
[2024-05-07T04:18:04.616+0000] {processor.py:179} INFO - Processing /opt/airflow/dags/main.py took 5.285 seconds
[2024-05-07T04:18:34.941+0000] {processor.py:157} INFO - Started process (PID=71) to work on /opt/airflow/dags/main.py
[2024-05-07T04:18:34.944+0000] {processor.py:829} INFO - Processing file /opt/airflow/dags/main.py for tasks to queue
[2024-05-07T04:18:34.951+0000] {logging_mixin.py:151} INFO - [2024-05-07T04:18:34.950+0000] {dagbag.py:539} INFO - Filling up the DagBag from /opt/airflow/dags/main.py
[2024-05-07T04:18:37.551+0000] {processor.py:839} INFO - DAG(s) dict_keys(['main']) retrieved from /opt/airflow/dags/main.py
[2024-05-07T04:18:37.615+0000] {logging_mixin.py:151} INFO - [2024-05-07T04:18:37.613+0000] {dag.py:2907} INFO - Sync 1 DAGs
[2024-05-07T04:18:37.676+0000] {logging_mixin.py:151} INFO - [2024-05-07T04:18:37.675+0000] {dag.py:3677} INFO - Setting next_dagrun for main to None, run_after=None
[2024-05-07T04:18:37.722+0000] {processor.py:179} INFO - Processing /opt/airflow/dags/main.py took 2.789 seconds
[2024-05-07T04:19:07.900+0000] {processor.py:157} INFO - Started process (PID=85) to work on /opt/airflow/dags/main.py
[2024-05-07T04:19:07.904+0000] {processor.py:829} INFO - Processing file /opt/airflow/dags/main.py for tasks to queue
[2024-05-07T04:19:07.909+0000] {logging_mixin.py:151} INFO - [2024-05-07T04:19:07.908+0000] {dagbag.py:539} INFO - Filling up the DagBag from /opt/airflow/dags/main.py
[2024-05-07T04:19:09.915+0000] {processor.py:839} INFO - DAG(s) dict_keys(['main']) retrieved from /opt/airflow/dags/main.py
[2024-05-07T04:19:09.964+0000] {logging_mixin.py:151} INFO - [2024-05-07T04:19:09.963+0000] {dag.py:2907} INFO - Sync 1 DAGs
[2024-05-07T04:19:09.997+0000] {logging_mixin.py:151} INFO - [2024-05-07T04:19:09.997+0000] {dag.py:3677} INFO - Setting next_dagrun for main to None, run_after=None
[2024-05-07T04:19:10.049+0000] {processor.py:179} INFO - Processing /opt/airflow/dags/main.py took 2.156 seconds
[2024-05-07T04:19:40.229+0000] {processor.py:157} INFO - Started process (PID=99) to work on /opt/airflow/dags/main.py
[2024-05-07T04:19:40.232+0000] {processor.py:829} INFO - Processing file /opt/airflow/dags/main.py for tasks to queue
[2024-05-07T04:19:40.236+0000] {logging_mixin.py:151} INFO - [2024-05-07T04:19:40.235+0000] {dagbag.py:539} INFO - Filling up the DagBag from /opt/airflow/dags/main.py
[2024-05-07T04:19:42.302+0000] {processor.py:839} INFO - DAG(s) dict_keys(['main']) retrieved from /opt/airflow/dags/main.py
[2024-05-07T04:19:42.351+0000] {logging_mixin.py:151} INFO - [2024-05-07T04:19:42.350+0000] {dag.py:2907} INFO - Sync 1 DAGs
[2024-05-07T04:19:42.406+0000] {logging_mixin.py:151} INFO - [2024-05-07T04:19:42.406+0000] {dag.py:3677} INFO - Setting next_dagrun for main to None, run_after=None
[2024-05-07T04:19:42.443+0000] {processor.py:179} INFO - Processing /opt/airflow/dags/main.py took 2.220 seconds
[2024-05-07T04:20:12.538+0000] {processor.py:157} INFO - Started process (PID=113) to work on /opt/airflow/dags/main.py
[2024-05-07T04:20:12.540+0000] {processor.py:829} INFO - Processing file /opt/airflow/dags/main.py for tasks to queue
[2024-05-07T04:20:12.545+0000] {logging_mixin.py:151} INFO - [2024-05-07T04:20:12.544+0000] {dagbag.py:539} INFO - Filling up the DagBag from /opt/airflow/dags/main.py
[2024-05-07T04:20:14.585+0000] {processor.py:839} INFO - DAG(s) dict_keys(['main']) retrieved from /opt/airflow/dags/main.py
[2024-05-07T04:20:14.639+0000] {logging_mixin.py:151} INFO - [2024-05-07T04:20:14.638+0000] {dag.py:2907} INFO - Sync 1 DAGs
[2024-05-07T04:20:14.680+0000] {logging_mixin.py:151} INFO - [2024-05-07T04:20:14.680+0000] {dag.py:3677} INFO - Setting next_dagrun for main to None, run_after=None
[2024-05-07T04:20:14.714+0000] {processor.py:179} INFO - Processing /opt/airflow/dags/main.py took 2.183 seconds
[2024-05-07T04:20:44.917+0000] {processor.py:157} INFO - Started process (PID=126) to work on /opt/airflow/dags/main.py
[2024-05-07T04:20:44.921+0000] {processor.py:829} INFO - Processing file /opt/airflow/dags/main.py for tasks to queue
[2024-05-07T04:20:44.926+0000] {logging_mixin.py:151} INFO - [2024-05-07T04:20:44.926+0000] {dagbag.py:539} INFO - Filling up the DagBag from /opt/airflow/dags/main.py
[2024-05-07T04:20:47.307+0000] {processor.py:839} INFO - DAG(s) dict_keys(['main']) retrieved from /opt/airflow/dags/main.py
[2024-05-07T04:20:47.346+0000] {logging_mixin.py:151} INFO - [2024-05-07T04:20:47.345+0000] {dag.py:2907} INFO - Sync 1 DAGs
[2024-05-07T04:20:47.383+0000] {logging_mixin.py:151} INFO - [2024-05-07T04:20:47.383+0000] {dag.py:3677} INFO - Setting next_dagrun for main to None, run_after=None
[2024-05-07T04:20:47.425+0000] {processor.py:179} INFO - Processing /opt/airflow/dags/main.py took 2.516 seconds
[2024-05-07T04:21:17.679+0000] {processor.py:157} INFO - Started process (PID=148) to work on /opt/airflow/dags/main.py
[2024-05-07T04:21:17.682+0000] {processor.py:829} INFO - Processing file /opt/airflow/dags/main.py for tasks to queue
[2024-05-07T04:21:17.687+0000] {logging_mixin.py:151} INFO - [2024-05-07T04:21:17.686+0000] {dagbag.py:539} INFO - Filling up the DagBag from /opt/airflow/dags/main.py
[2024-05-07T04:21:19.845+0000] {processor.py:839} INFO - DAG(s) dict_keys(['main']) retrieved from /opt/airflow/dags/main.py
[2024-05-07T04:21:19.892+0000] {logging_mixin.py:151} INFO - [2024-05-07T04:21:19.891+0000] {dag.py:2907} INFO - Sync 1 DAGs
[2024-05-07T04:21:19.936+0000] {logging_mixin.py:151} INFO - [2024-05-07T04:21:19.936+0000] {dag.py:3677} INFO - Setting next_dagrun for main to None, run_after=None
[2024-05-07T04:21:19.972+0000] {processor.py:179} INFO - Processing /opt/airflow/dags/main.py took 2.299 seconds
[2024-05-07T04:21:50.264+0000] {processor.py:157} INFO - Started process (PID=162) to work on /opt/airflow/dags/main.py
[2024-05-07T04:21:50.267+0000] {processor.py:829} INFO - Processing file /opt/airflow/dags/main.py for tasks to queue
[2024-05-07T04:21:50.278+0000] {logging_mixin.py:151} INFO - [2024-05-07T04:21:50.277+0000] {dagbag.py:539} INFO - Filling up the DagBag from /opt/airflow/dags/main.py
[2024-05-07T04:21:52.524+0000] {processor.py:839} INFO - DAG(s) dict_keys(['main']) retrieved from /opt/airflow/dags/main.py
[2024-05-07T04:21:52.566+0000] {logging_mixin.py:151} INFO - [2024-05-07T04:21:52.565+0000] {dag.py:2907} INFO - Sync 1 DAGs
[2024-05-07T04:21:52.601+0000] {logging_mixin.py:151} INFO - [2024-05-07T04:21:52.601+0000] {dag.py:3677} INFO - Setting next_dagrun for main to None, run_after=None
[2024-05-07T04:21:52.636+0000] {processor.py:179} INFO - Processing /opt/airflow/dags/main.py took 2.380 seconds
[2024-05-07T04:22:22.909+0000] {processor.py:157} INFO - Started process (PID=175) to work on /opt/airflow/dags/main.py
[2024-05-07T04:22:22.912+0000] {processor.py:829} INFO - Processing file /opt/airflow/dags/main.py for tasks to queue
[2024-05-07T04:22:22.917+0000] {logging_mixin.py:151} INFO - [2024-05-07T04:22:22.916+0000] {dagbag.py:539} INFO - Filling up the DagBag from /opt/airflow/dags/main.py
[2024-05-07T04:22:24.988+0000] {processor.py:839} INFO - DAG(s) dict_keys(['main']) retrieved from /opt/airflow/dags/main.py
[2024-05-07T04:22:25.035+0000] {logging_mixin.py:151} INFO - [2024-05-07T04:22:25.033+0000] {dag.py:2907} INFO - Sync 1 DAGs
[2024-05-07T04:22:25.075+0000] {logging_mixin.py:151} INFO - [2024-05-07T04:22:25.075+0000] {dag.py:3677} INFO - Setting next_dagrun for main to None, run_after=None
[2024-05-07T04:22:25.126+0000] {processor.py:179} INFO - Processing /opt/airflow/dags/main.py took 2.232 seconds
[2024-05-07T04:22:55.392+0000] {processor.py:157} INFO - Started process (PID=189) to work on /opt/airflow/dags/main.py
[2024-05-07T04:22:55.395+0000] {processor.py:829} INFO - Processing file /opt/airflow/dags/main.py for tasks to queue
[2024-05-07T04:22:55.400+0000] {logging_mixin.py:151} INFO - [2024-05-07T04:22:55.400+0000] {dagbag.py:539} INFO - Filling up the DagBag from /opt/airflow/dags/main.py
[2024-05-07T04:22:57.519+0000] {processor.py:839} INFO - DAG(s) dict_keys(['main']) retrieved from /opt/airflow/dags/main.py
[2024-05-07T04:22:57.555+0000] {logging_mixin.py:151} INFO - [2024-05-07T04:22:57.554+0000] {dag.py:2907} INFO - Sync 1 DAGs
[2024-05-07T04:22:57.591+0000] {logging_mixin.py:151} INFO - [2024-05-07T04:22:57.591+0000] {dag.py:3677} INFO - Setting next_dagrun for main to None, run_after=None
[2024-05-07T04:22:57.631+0000] {processor.py:179} INFO - Processing /opt/airflow/dags/main.py took 2.246 seconds
[2024-05-07T04:23:27.879+0000] {processor.py:157} INFO - Started process (PID=203) to work on /opt/airflow/dags/main.py
[2024-05-07T04:23:27.882+0000] {processor.py:829} INFO - Processing file /opt/airflow/dags/main.py for tasks to queue
[2024-05-07T04:23:27.889+0000] {logging_mixin.py:151} INFO - [2024-05-07T04:23:27.888+0000] {dagbag.py:539} INFO - Filling up the DagBag from /opt/airflow/dags/main.py
[2024-05-07T04:23:30.674+0000] {processor.py:839} INFO - DAG(s) dict_keys(['main']) retrieved from /opt/airflow/dags/main.py
[2024-05-07T04:23:30.737+0000] {logging_mixin.py:151} INFO - [2024-05-07T04:23:30.736+0000] {dag.py:2907} INFO - Sync 1 DAGs
[2024-05-07T04:23:30.788+0000] {logging_mixin.py:151} INFO - [2024-05-07T04:23:30.787+0000] {dag.py:3677} INFO - Setting next_dagrun for main to None, run_after=None
[2024-05-07T04:23:30.828+0000] {processor.py:179} INFO - Processing /opt/airflow/dags/main.py took 2.956 seconds
[2024-05-07T04:24:01.090+0000] {processor.py:157} INFO - Started process (PID=217) to work on /opt/airflow/dags/main.py
[2024-05-07T04:24:01.098+0000] {processor.py:829} INFO - Processing file /opt/airflow/dags/main.py for tasks to queue
[2024-05-07T04:24:01.104+0000] {logging_mixin.py:151} INFO - [2024-05-07T04:24:01.103+0000] {dagbag.py:539} INFO - Filling up the DagBag from /opt/airflow/dags/main.py
[2024-05-07T04:24:04.463+0000] {processor.py:839} INFO - DAG(s) dict_keys(['main']) retrieved from /opt/airflow/dags/main.py
[2024-05-07T04:24:04.508+0000] {logging_mixin.py:151} INFO - [2024-05-07T04:24:04.507+0000] {dag.py:2907} INFO - Sync 1 DAGs
[2024-05-07T04:24:04.545+0000] {logging_mixin.py:151} INFO - [2024-05-07T04:24:04.544+0000] {dag.py:3677} INFO - Setting next_dagrun for main to None, run_after=None
[2024-05-07T04:24:04.577+0000] {processor.py:179} INFO - Processing /opt/airflow/dags/main.py took 3.496 seconds
[2024-05-07T04:24:34.828+0000] {processor.py:157} INFO - Started process (PID=231) to work on /opt/airflow/dags/main.py
[2024-05-07T04:24:34.831+0000] {processor.py:829} INFO - Processing file /opt/airflow/dags/main.py for tasks to queue
[2024-05-07T04:24:34.837+0000] {logging_mixin.py:151} INFO - [2024-05-07T04:24:34.836+0000] {dagbag.py:539} INFO - Filling up the DagBag from /opt/airflow/dags/main.py
[2024-05-07T04:24:37.056+0000] {processor.py:839} INFO - DAG(s) dict_keys(['main']) retrieved from /opt/airflow/dags/main.py
[2024-05-07T04:24:37.123+0000] {logging_mixin.py:151} INFO - [2024-05-07T04:24:37.122+0000] {dag.py:2907} INFO - Sync 1 DAGs
[2024-05-07T04:24:37.181+0000] {logging_mixin.py:151} INFO - [2024-05-07T04:24:37.181+0000] {dag.py:3677} INFO - Setting next_dagrun for main to None, run_after=None
[2024-05-07T04:24:37.226+0000] {processor.py:179} INFO - Processing /opt/airflow/dags/main.py took 2.407 seconds
[2024-05-07T04:25:07.504+0000] {processor.py:157} INFO - Started process (PID=245) to work on /opt/airflow/dags/main.py
[2024-05-07T04:25:07.507+0000] {processor.py:829} INFO - Processing file /opt/airflow/dags/main.py for tasks to queue
[2024-05-07T04:25:07.511+0000] {logging_mixin.py:151} INFO - [2024-05-07T04:25:07.511+0000] {dagbag.py:539} INFO - Filling up the DagBag from /opt/airflow/dags/main.py
[2024-05-07T04:25:09.617+0000] {processor.py:839} INFO - DAG(s) dict_keys(['main']) retrieved from /opt/airflow/dags/main.py
[2024-05-07T04:25:09.665+0000] {logging_mixin.py:151} INFO - [2024-05-07T04:25:09.664+0000] {dag.py:2907} INFO - Sync 1 DAGs
[2024-05-07T04:25:09.706+0000] {logging_mixin.py:151} INFO - [2024-05-07T04:25:09.706+0000] {dag.py:3677} INFO - Setting next_dagrun for main to None, run_after=None
[2024-05-07T04:25:09.739+0000] {processor.py:179} INFO - Processing /opt/airflow/dags/main.py took 2.243 seconds
[2024-05-07T04:25:39.817+0000] {processor.py:157} INFO - Started process (PID=259) to work on /opt/airflow/dags/main.py
[2024-05-07T04:25:39.820+0000] {processor.py:829} INFO - Processing file /opt/airflow/dags/main.py for tasks to queue
[2024-05-07T04:25:39.825+0000] {logging_mixin.py:151} INFO - [2024-05-07T04:25:39.824+0000] {dagbag.py:539} INFO - Filling up the DagBag from /opt/airflow/dags/main.py
[2024-05-07T04:25:41.860+0000] {processor.py:839} INFO - DAG(s) dict_keys(['main']) retrieved from /opt/airflow/dags/main.py
[2024-05-07T04:25:41.903+0000] {logging_mixin.py:151} INFO - [2024-05-07T04:25:41.902+0000] {dag.py:2907} INFO - Sync 1 DAGs
[2024-05-07T04:25:41.934+0000] {logging_mixin.py:151} INFO - [2024-05-07T04:25:41.934+0000] {dag.py:3677} INFO - Setting next_dagrun for main to None, run_after=None
[2024-05-07T04:25:41.964+0000] {processor.py:179} INFO - Processing /opt/airflow/dags/main.py took 2.155 seconds
[2024-05-07T04:26:12.040+0000] {processor.py:157} INFO - Started process (PID=273) to work on /opt/airflow/dags/main.py
[2024-05-07T04:26:12.043+0000] {processor.py:829} INFO - Processing file /opt/airflow/dags/main.py for tasks to queue
[2024-05-07T04:26:12.048+0000] {logging_mixin.py:151} INFO - [2024-05-07T04:26:12.047+0000] {dagbag.py:539} INFO - Filling up the DagBag from /opt/airflow/dags/main.py
[2024-05-07T04:26:14.117+0000] {processor.py:839} INFO - DAG(s) dict_keys(['main']) retrieved from /opt/airflow/dags/main.py
[2024-05-07T04:26:14.153+0000] {logging_mixin.py:151} INFO - [2024-05-07T04:26:14.152+0000] {dag.py:2907} INFO - Sync 1 DAGs
[2024-05-07T04:26:14.191+0000] {logging_mixin.py:151} INFO - [2024-05-07T04:26:14.191+0000] {dag.py:3677} INFO - Setting next_dagrun for main to None, run_after=None
[2024-05-07T04:26:14.222+0000] {processor.py:179} INFO - Processing /opt/airflow/dags/main.py took 2.194 seconds
[2024-05-07T04:26:44.475+0000] {processor.py:157} INFO - Started process (PID=287) to work on /opt/airflow/dags/main.py
[2024-05-07T04:26:44.477+0000] {processor.py:829} INFO - Processing file /opt/airflow/dags/main.py for tasks to queue
[2024-05-07T04:26:44.482+0000] {logging_mixin.py:151} INFO - [2024-05-07T04:26:44.482+0000] {dagbag.py:539} INFO - Filling up the DagBag from /opt/airflow/dags/main.py
[2024-05-07T04:26:46.706+0000] {processor.py:839} INFO - DAG(s) dict_keys(['main']) retrieved from /opt/airflow/dags/main.py
[2024-05-07T04:26:46.754+0000] {logging_mixin.py:151} INFO - [2024-05-07T04:26:46.753+0000] {dag.py:2907} INFO - Sync 1 DAGs
[2024-05-07T04:26:46.816+0000] {logging_mixin.py:151} INFO - [2024-05-07T04:26:46.815+0000] {dag.py:3677} INFO - Setting next_dagrun for main to None, run_after=None
[2024-05-07T04:26:46.851+0000] {processor.py:179} INFO - Processing /opt/airflow/dags/main.py took 2.383 seconds
[2024-05-07T04:27:17.173+0000] {processor.py:157} INFO - Started process (PID=308) to work on /opt/airflow/dags/main.py
[2024-05-07T04:27:17.176+0000] {processor.py:829} INFO - Processing file /opt/airflow/dags/main.py for tasks to queue
[2024-05-07T04:27:17.183+0000] {logging_mixin.py:151} INFO - [2024-05-07T04:27:17.181+0000] {dagbag.py:539} INFO - Filling up the DagBag from /opt/airflow/dags/main.py
[2024-05-07T04:27:19.221+0000] {processor.py:839} INFO - DAG(s) dict_keys(['main']) retrieved from /opt/airflow/dags/main.py
[2024-05-07T04:27:19.277+0000] {logging_mixin.py:151} INFO - [2024-05-07T04:27:19.276+0000] {dag.py:2907} INFO - Sync 1 DAGs
[2024-05-07T04:27:19.311+0000] {logging_mixin.py:151} INFO - [2024-05-07T04:27:19.311+0000] {dag.py:3677} INFO - Setting next_dagrun for main to None, run_after=None
[2024-05-07T04:27:19.343+0000] {processor.py:179} INFO - Processing /opt/airflow/dags/main.py took 2.180 seconds
[2024-05-07T04:27:49.413+0000] {processor.py:157} INFO - Started process (PID=322) to work on /opt/airflow/dags/main.py
[2024-05-07T04:27:49.416+0000] {processor.py:829} INFO - Processing file /opt/airflow/dags/main.py for tasks to queue
[2024-05-07T04:27:49.421+0000] {logging_mixin.py:151} INFO - [2024-05-07T04:27:49.420+0000] {dagbag.py:539} INFO - Filling up the DagBag from /opt/airflow/dags/main.py
[2024-05-07T04:27:51.460+0000] {processor.py:839} INFO - DAG(s) dict_keys(['main']) retrieved from /opt/airflow/dags/main.py
[2024-05-07T04:27:51.500+0000] {logging_mixin.py:151} INFO - [2024-05-07T04:27:51.499+0000] {dag.py:2907} INFO - Sync 1 DAGs
[2024-05-07T04:27:51.539+0000] {logging_mixin.py:151} INFO - [2024-05-07T04:27:51.539+0000] {dag.py:3677} INFO - Setting next_dagrun for main to None, run_after=None
[2024-05-07T04:27:51.575+0000] {processor.py:179} INFO - Processing /opt/airflow/dags/main.py took 2.170 seconds
[2024-05-07T04:28:21.814+0000] {processor.py:157} INFO - Started process (PID=336) to work on /opt/airflow/dags/main.py
[2024-05-07T04:28:21.817+0000] {processor.py:829} INFO - Processing file /opt/airflow/dags/main.py for tasks to queue
[2024-05-07T04:28:21.821+0000] {logging_mixin.py:151} INFO - [2024-05-07T04:28:21.821+0000] {dagbag.py:539} INFO - Filling up the DagBag from /opt/airflow/dags/main.py
[2024-05-07T04:28:23.730+0000] {processor.py:839} INFO - DAG(s) dict_keys(['main']) retrieved from /opt/airflow/dags/main.py
[2024-05-07T04:28:23.768+0000] {logging_mixin.py:151} INFO - [2024-05-07T04:28:23.767+0000] {dag.py:2907} INFO - Sync 1 DAGs
[2024-05-07T04:28:23.801+0000] {logging_mixin.py:151} INFO - [2024-05-07T04:28:23.801+0000] {dag.py:3677} INFO - Setting next_dagrun for main to None, run_after=None
[2024-05-07T04:28:23.836+0000] {processor.py:179} INFO - Processing /opt/airflow/dags/main.py took 2.029 seconds
[2024-05-07T04:28:54.051+0000] {processor.py:157} INFO - Started process (PID=350) to work on /opt/airflow/dags/main.py
[2024-05-07T04:28:54.053+0000] {processor.py:829} INFO - Processing file /opt/airflow/dags/main.py for tasks to queue
[2024-05-07T04:28:54.057+0000] {logging_mixin.py:151} INFO - [2024-05-07T04:28:54.057+0000] {dagbag.py:539} INFO - Filling up the DagBag from /opt/airflow/dags/main.py
[2024-05-07T04:28:56.569+0000] {processor.py:839} INFO - DAG(s) dict_keys(['main']) retrieved from /opt/airflow/dags/main.py
[2024-05-07T04:28:56.610+0000] {logging_mixin.py:151} INFO - [2024-05-07T04:28:56.609+0000] {dag.py:2907} INFO - Sync 1 DAGs
[2024-05-07T04:28:56.649+0000] {logging_mixin.py:151} INFO - [2024-05-07T04:28:56.649+0000] {dag.py:3677} INFO - Setting next_dagrun for main to None, run_after=None
[2024-05-07T04:28:56.689+0000] {processor.py:179} INFO - Processing /opt/airflow/dags/main.py took 2.649 seconds
