[2024-05-07T03:46:20.735+0000] {manager.py:488} INFO - Processing files using up to 2 processes at a time 
[2024-05-07T03:46:20.736+0000] {manager.py:489} INFO - Process each file at most once every 30 seconds
[2024-05-07T03:46:20.736+0000] {manager.py:490} INFO - Checking for new files in /opt/airflow/dags every 300 seconds
[2024-05-07T03:46:20.737+0000] {manager.py:760} INFO - Searching for files in /opt/airflow/dags
[2024-05-07T03:46:20.739+0000] {manager.py:763} INFO - There are 1 files in /opt/airflow/dags
[2024-05-07T03:46:21.467+0000] {manager.py:888} INFO - 
================================================================================
DAG File Processing Stats

File Path                    PID  Runtime      # DAGs    # Errors  Last Runtime    Last Run
-------------------------  -----  ---------  --------  ----------  --------------  ----------
/opt/airflow/dags/main.py     43  0.46s             0           0
================================================================================
[2024-05-07T03:46:51.889+0000] {manager.py:888} INFO - 
================================================================================
DAG File Processing Stats

File Path                  PID    Runtime      # DAGs    # Errors  Last Runtime    Last Run
-------------------------  -----  ---------  --------  ----------  --------------  -------------------
/opt/airflow/dags/main.py                           1           0  13.80s          2024-05-07T03:46:34
================================================================================
[2024-05-07T03:47:22.250+0000] {manager.py:888} INFO - 
================================================================================
DAG File Processing Stats

File Path                  PID    Runtime      # DAGs    # Errors  Last Runtime    Last Run
-------------------------  -----  ---------  --------  ----------  --------------  -------------------
/opt/airflow/dags/main.py                           1           0  3.66s           2024-05-07T03:47:08
================================================================================
[2024-05-07T03:47:43.214+0000] {manager.py:470} INFO - Exiting gracefully upon receiving signal 15
[2024-05-07T03:53:09.898+0000] {manager.py:488} INFO - Processing files using up to 2 processes at a time 
[2024-05-07T03:53:09.900+0000] {manager.py:489} INFO - Process each file at most once every 30 seconds
[2024-05-07T03:53:09.901+0000] {manager.py:490} INFO - Checking for new files in /opt/airflow/dags every 300 seconds
[2024-05-07T03:53:09.901+0000] {manager.py:760} INFO - Searching for files in /opt/airflow/dags
[2024-05-07T03:53:09.905+0000] {manager.py:763} INFO - There are 1 files in /opt/airflow/dags
[2024-05-07T03:53:10.058+0000] {manager.py:888} INFO - 
================================================================================
DAG File Processing Stats

File Path                    PID  Runtime      # DAGs    # Errors  Last Runtime    Last Run
-------------------------  -----  ---------  --------  ----------  --------------  ----------
/opt/airflow/dags/main.py     66  0.08s             0           0
================================================================================
[2024-05-07T03:53:40.234+0000] {manager.py:888} INFO - 
================================================================================
DAG File Processing Stats

File Path                  PID    Runtime      # DAGs    # Errors  Last Runtime    Last Run
-------------------------  -----  ---------  --------  ----------  --------------  -------------------
/opt/airflow/dags/main.py                           1           0  6.05s           2024-05-07T03:53:16
================================================================================
[2024-05-07T03:53:45.720+0000] {manager.py:470} INFO - Exiting gracefully upon receiving signal 15
[2024-05-07T04:07:21.191+0000] {manager.py:488} INFO - Processing files using up to 2 processes at a time 
[2024-05-07T04:07:21.198+0000] {manager.py:489} INFO - Process each file at most once every 30 seconds
[2024-05-07T04:07:21.198+0000] {manager.py:490} INFO - Checking for new files in /opt/airflow/dags every 300 seconds
[2024-05-07T04:07:21.199+0000] {manager.py:760} INFO - Searching for files in /opt/airflow/dags
[2024-05-07T04:07:21.201+0000] {manager.py:763} INFO - There are 1 files in /opt/airflow/dags
[2024-05-07T04:07:21.444+0000] {manager.py:888} INFO - 
================================================================================
DAG File Processing Stats

File Path                    PID  Runtime      # DAGs    # Errors  Last Runtime    Last Run
-------------------------  -----  ---------  --------  ----------  --------------  ----------
/opt/airflow/dags/main.py     42  0.12s             0           0
================================================================================
[2024-05-07T04:07:23.436+0000] {manager.py:470} INFO - Exiting gracefully upon receiving signal 15
[2024-05-07T04:07:23.436+0000] {manager.py:470} INFO - Exiting gracefully upon receiving signal 15
[2024-05-07T04:07:23.861+0000] {manager.py:470} INFO - Exiting gracefully upon receiving signal 15
[2024-05-07T04:17:22.190+0000] {manager.py:488} INFO - Processing files using up to 2 processes at a time 
[2024-05-07T04:17:22.192+0000] {manager.py:489} INFO - Process each file at most once every 30 seconds
[2024-05-07T04:17:22.193+0000] {manager.py:490} INFO - Checking for new files in /opt/airflow/dags every 300 seconds
[2024-05-07T04:17:22.194+0000] {manager.py:760} INFO - Searching for files in /opt/airflow/dags
[2024-05-07T04:17:22.199+0000] {manager.py:763} INFO - There are 1 files in /opt/airflow/dags
[2024-05-07T04:17:22.345+0000] {manager.py:888} INFO - 
================================================================================
DAG File Processing Stats

File Path                    PID  Runtime      # DAGs    # Errors  Last Runtime    Last Run
-------------------------  -----  ---------  --------  ----------  --------------  ----------
/opt/airflow/dags/main.py     44  0.07s             0           0
================================================================================
[2024-05-07T04:17:52.597+0000] {manager.py:888} INFO - 
================================================================================
DAG File Processing Stats

File Path                  PID    Runtime      # DAGs    # Errors  Last Runtime    Last Run
-------------------------  -----  ---------  --------  ----------  --------------  -------------------
/opt/airflow/dags/main.py                           1           0  6.46s           2024-05-07T04:17:28
================================================================================
[2024-05-07T04:18:22.795+0000] {manager.py:888} INFO - 
================================================================================
DAG File Processing Stats

File Path                  PID    Runtime      # DAGs    # Errors  Last Runtime    Last Run
-------------------------  -----  ---------  --------  ----------  --------------  -------------------
/opt/airflow/dags/main.py                           1           0  5.35s           2024-05-07T04:18:04
================================================================================
[2024-05-07T04:18:52.875+0000] {manager.py:888} INFO - 
================================================================================
DAG File Processing Stats

File Path                  PID    Runtime      # DAGs    # Errors  Last Runtime    Last Run
-------------------------  -----  ---------  --------  ----------  --------------  -------------------
/opt/airflow/dags/main.py                           1           0  2.87s           2024-05-07T04:18:37
================================================================================
[2024-05-07T04:19:23.070+0000] {manager.py:888} INFO - 
================================================================================
DAG File Processing Stats

File Path                  PID    Runtime      # DAGs    # Errors  Last Runtime    Last Run
-------------------------  -----  ---------  --------  ----------  --------------  -------------------
/opt/airflow/dags/main.py                           1           0  2.21s           2024-05-07T04:19:10
================================================================================
[2024-05-07T04:19:53.396+0000] {manager.py:888} INFO - 
================================================================================
DAG File Processing Stats

File Path                  PID    Runtime      # DAGs    # Errors  Last Runtime    Last Run
-------------------------  -----  ---------  --------  ----------  --------------  -------------------
/opt/airflow/dags/main.py                           1           0  2.26s           2024-05-07T04:19:42
================================================================================
[2024-05-07T04:20:23.740+0000] {manager.py:888} INFO - 
================================================================================
DAG File Processing Stats

File Path                  PID    Runtime      # DAGs    # Errors  Last Runtime    Last Run
-------------------------  -----  ---------  --------  ----------  --------------  -------------------
/opt/airflow/dags/main.py                           1           0  2.22s           2024-05-07T04:20:14
================================================================================
[2024-05-07T04:20:53.981+0000] {manager.py:888} INFO - 
================================================================================
DAG File Processing Stats

File Path                  PID    Runtime      # DAGs    # Errors  Last Runtime    Last Run
-------------------------  -----  ---------  --------  ----------  --------------  -------------------
/opt/airflow/dags/main.py                           1           0  2.57s           2024-05-07T04:20:47
================================================================================
[2024-05-07T04:21:24.049+0000] {manager.py:888} INFO - 
================================================================================
DAG File Processing Stats

File Path                  PID    Runtime      # DAGs    # Errors  Last Runtime    Last Run
-------------------------  -----  ---------  --------  ----------  --------------  -------------------
/opt/airflow/dags/main.py                           1           0  2.34s           2024-05-07T04:21:20
================================================================================
[2024-05-07T04:21:54.294+0000] {manager.py:888} INFO - 
================================================================================
DAG File Processing Stats

File Path                  PID    Runtime      # DAGs    # Errors  Last Runtime    Last Run
-------------------------  -----  ---------  --------  ----------  --------------  -------------------
/opt/airflow/dags/main.py                           1           0  2.43s           2024-05-07T04:21:52
================================================================================
[2024-05-07T04:22:22.457+0000] {manager.py:760} INFO - Searching for files in /opt/airflow/dags
[2024-05-07T04:22:22.459+0000] {manager.py:763} INFO - There are 1 files in /opt/airflow/dags
[2024-05-07T04:22:24.492+0000] {manager.py:888} INFO - 
================================================================================
DAG File Processing Stats

File Path                    PID  Runtime      # DAGs    # Errors  Last Runtime    Last Run
-------------------------  -----  ---------  --------  ----------  --------------  -------------------
/opt/airflow/dags/main.py    175  1.62s             1           0  2.43s           2024-05-07T04:21:52
================================================================================
[2024-05-07T04:22:55.094+0000] {manager.py:888} INFO - 
================================================================================
DAG File Processing Stats

File Path                  PID    Runtime      # DAGs    # Errors  Last Runtime    Last Run
-------------------------  -----  ---------  --------  ----------  --------------  -------------------
/opt/airflow/dags/main.py                           1           0  2.31s           2024-05-07T04:22:25
================================================================================
[2024-05-07T04:23:25.564+0000] {manager.py:888} INFO - 
================================================================================
DAG File Processing Stats

File Path                  PID    Runtime      # DAGs    # Errors  Last Runtime    Last Run
-------------------------  -----  ---------  --------  ----------  --------------  -------------------
/opt/airflow/dags/main.py                           1           0  2.29s           2024-05-07T04:22:57
================================================================================
[2024-05-07T04:23:55.732+0000] {manager.py:888} INFO - 
================================================================================
DAG File Processing Stats

File Path                  PID    Runtime      # DAGs    # Errors  Last Runtime    Last Run
-------------------------  -----  ---------  --------  ----------  --------------  -------------------
/opt/airflow/dags/main.py                           1           0  3.01s           2024-05-07T04:23:30
================================================================================
[2024-05-07T04:24:25.736+0000] {manager.py:888} INFO - 
================================================================================
DAG File Processing Stats

File Path                  PID    Runtime      # DAGs    # Errors  Last Runtime    Last Run
-------------------------  -----  ---------  --------  ----------  --------------  -------------------
/opt/airflow/dags/main.py                           1           0  3.55s           2024-05-07T04:24:04
================================================================================
[2024-05-07T04:24:55.958+0000] {manager.py:888} INFO - 
================================================================================
DAG File Processing Stats

File Path                  PID    Runtime      # DAGs    # Errors  Last Runtime    Last Run
-------------------------  -----  ---------  --------  ----------  --------------  -------------------
/opt/airflow/dags/main.py                           1           0  2.46s           2024-05-07T04:24:37
================================================================================
[2024-05-07T04:25:26.684+0000] {manager.py:888} INFO - 
================================================================================
DAG File Processing Stats

File Path                  PID    Runtime      # DAGs    # Errors  Last Runtime    Last Run
-------------------------  -----  ---------  --------  ----------  --------------  -------------------
/opt/airflow/dags/main.py                           1           0  2.29s           2024-05-07T04:25:09
================================================================================
[2024-05-07T04:25:56.907+0000] {manager.py:888} INFO - 
================================================================================
DAG File Processing Stats

File Path                  PID    Runtime      # DAGs    # Errors  Last Runtime    Last Run
-------------------------  -----  ---------  --------  ----------  --------------  -------------------
/opt/airflow/dags/main.py                           1           0  2.20s           2024-05-07T04:25:41
================================================================================
[2024-05-07T04:26:27.320+0000] {manager.py:888} INFO - 
================================================================================
DAG File Processing Stats

File Path                  PID    Runtime      # DAGs    # Errors  Last Runtime    Last Run
-------------------------  -----  ---------  --------  ----------  --------------  -------------------
/opt/airflow/dags/main.py                           1           0  2.25s           2024-05-07T04:26:14
================================================================================
[2024-05-07T04:26:57.551+0000] {manager.py:888} INFO - 
================================================================================
DAG File Processing Stats

File Path                  PID    Runtime      # DAGs    # Errors  Last Runtime    Last Run
-------------------------  -----  ---------  --------  ----------  --------------  -------------------
/opt/airflow/dags/main.py                           1           0  2.47s           2024-05-07T04:26:46
================================================================================
[2024-05-07T04:27:23.193+0000] {manager.py:760} INFO - Searching for files in /opt/airflow/dags
[2024-05-07T04:27:23.197+0000] {manager.py:763} INFO - There are 1 files in /opt/airflow/dags
[2024-05-07T04:27:28.251+0000] {manager.py:888} INFO - 
================================================================================
DAG File Processing Stats

File Path                  PID    Runtime      # DAGs    # Errors  Last Runtime    Last Run
-------------------------  -----  ---------  --------  ----------  --------------  -------------------
/opt/airflow/dags/main.py                           1           0  2.23s           2024-05-07T04:27:19
================================================================================
[2024-05-07T04:27:58.641+0000] {manager.py:888} INFO - 
================================================================================
DAG File Processing Stats

File Path                  PID    Runtime      # DAGs    # Errors  Last Runtime    Last Run
-------------------------  -----  ---------  --------  ----------  --------------  -------------------
/opt/airflow/dags/main.py                           1           0  2.22s           2024-05-07T04:27:51
================================================================================
[2024-05-07T04:28:28.860+0000] {manager.py:888} INFO - 
================================================================================
DAG File Processing Stats

File Path                  PID    Runtime      # DAGs    # Errors  Last Runtime    Last Run
-------------------------  -----  ---------  --------  ----------  --------------  -------------------
/opt/airflow/dags/main.py                           1           0  2.08s           2024-05-07T04:28:23
================================================================================
[2024-05-07T04:28:59.124+0000] {manager.py:888} INFO - 
================================================================================
DAG File Processing Stats

File Path                  PID    Runtime      # DAGs    # Errors  Last Runtime    Last Run
-------------------------  -----  ---------  --------  ----------  --------------  -------------------
/opt/airflow/dags/main.py                           1           0  2.70s           2024-05-07T04:28:56
================================================================================
